<?xml version="1.0" encoding="UTF-8"?>
<!-- Generated by org.testng.reporters.JUnitReportReporter -->
<testsuite hostname="ML-AmarendraG-PC" name="com.projectname.scripts.DriverScriptTest" tests="1" failures="0" timestamp="13 Jul 2016 14:01:59 GMT" time="600.108" errors="0">
  <testcase name="driverScript" time="600.108" classname="com.projectname.scripts.DriverScriptTest"/>
</testsuite> <!-- com.projectname.scripts.DriverScriptTest -->
