<?xml version="1.0" encoding="UTF-8"?>
<!-- Generated by org.testng.reporters.JUnitReportReporter -->
<testsuite hostname="ML-AmarendraG-PC" name="com.projectname.scripts.DriverScriptTest" tests="1" failures="0" timestamp="28 Jan 2016 06:53:55 GMT" time="452.678" errors="0">
  <testcase name="driverScript" time="452.678" classname="com.projectname.scripts.DriverScriptTest"/>
</testsuite> <!-- com.projectname.scripts.DriverScriptTest -->
