<?xml version="1.0" encoding="UTF-8"?>
<!-- Generated by org.testng.reporters.JUnitReportReporter -->
<testsuite hostname="ML-AmarendraG-PC" name="com.projectname.utils.TestUtil" tests="1" failures="0" timestamp="28 Jan 2016 06:53:55 GMT" time="476.412" errors="0">
  <testcase name="driverScript" time="476.412" classname="com.projectname.utils.TestUtil"/>
</testsuite> <!-- com.projectname.utils.TestUtil -->
